# JRE version: Java(TM) SE Runtime Environment (8.0_121-b13) (build 1.8.0_121-b13)
# Java VM: Java HotSpot(TM) 64-Bit Server VM (25.121-b13 mixed mode windows-amd64 compressed oops)
Heap:
 PSYoungGen      total 95744K, used 13571K [0x00000000f0000000, 0x00000000f6600000, 0x0000000100000000)
  eden space 87040K, 9% used [0x00000000f0000000,0x00000000f07c8220,0x00000000f5500000)
  from space 8704K, 64% used [0x00000000f5500000,0x00000000f5a78c60,0x00000000f5d80000)
  to   space 8192K, 0% used [0x00000000f5e00000,0x00000000f5e00000,0x00000000f6600000)
 ParOldGen       total 107008K, used 45366K [0x00000000d0000000, 0x00000000d6880000, 0x00000000f0000000)
  object space 107008K, 42% used [0x00000000d0000000,0x00000000d2c4d8a8,0x00000000d6880000)
 Metaspace       used 45360K, capacity 45780K, committed 45864K, reserved 1087488K
  class space    used 8609K, capacity 8725K, committed 8744K, reserved 1048576K
GC Heap History (10 events):
Event: 20.822 GC heap before
{Heap before GC invocations=16 (full 4):
 PSYoungGen      total 77824K, used 64K [0x00000000f0000000, 0x00000000f5680000, 0x0000000100000000)
  eden space 68608K, 0% used [0x00000000f0000000,0x00000000f0000000,0x00000000f4300000)
  from space 9216K, 0% used [0x00000000f4c80000,0x00000000f4c90000,0x00000000f5580000)
  to   space 9728K, 0% used [0x00000000f4300000,0x00000000f4300000,0x00000000f4c80000)
 ParOldGen       total 45568K, used 13733K [0x00000000d0000000, 0x00000000d2c80000, 0x00000000f0000000)
  object space 45568K, 30% used [0x00000000d0000000,0x00000000d0d694d8,0x00000000d2c80000)
 Metaspace       used 40823K, capacity 41160K, committed 41384K, reserved 1083392K
  class space    used 7693K, capacity 7762K, committed 7848K, reserved 1048576K
Event: 20.955 GC heap after
Heap after GC invocations=16 (full 4):
 PSYoungGen      total 77824K, used 0K [0x00000000f0000000, 0x00000000f5680000, 0x0000000100000000)
  eden space 68608K, 0% used [0x00000000f0000000,0x00000000f0000000,0x00000000f4300000)
  from space 9216K, 0% used [0x00000000f4c80000,0x00000000f4c80000,0x00000000f5580000)
  to   space 9728K, 0% used [0x00000000f4300000,0x00000000f4300000,0x00000000f4c80000)
 ParOldGen       total 45568K, used 11013K [0x00000000d0000000, 0x00000000d2c80000, 0x00000000f0000000)
  object space 45568K, 24% used [0x00000000d0000000,0x00000000d0ac1738,0x00000000d2c80000)
 Metaspace       used 40823K, capacity 41160K, committed 41384K, reserved 1083392K
  class space    used 7693K, capacity 7762K, committed 7848K, reserved 1048576K
}
Event: 24.583 GC heap before
{Heap before GC invocations=17 (full 4):
 PSYoungGen      total 77824K, used 68608K [0x00000000f0000000, 0x00000000f5680000, 0x0000000100000000)
  eden space 68608K, 100% used [0x00000000f0000000,0x00000000f4300000,0x00000000f4300000)
  from space 9216K, 0% used [0x00000000f4c80000,0x00000000f4c80000,0x00000000f5580000)
  to   space 9728K, 0% used [0x00000000f4300000,0x00000000f4300000,0x00000000f4c80000)
 ParOldGen       total 45568K, used 11013K [0x00000000d0000000, 0x00000000d2c80000, 0x00000000f0000000)
  object space 45568K, 24% used [0x00000000d0000000,0x00000000d0ac1738,0x00000000d2c80000)
 Metaspace       used 41980K, capacity 42416K, committed 42664K, reserved 1083392K
  class space    used 7901K, capacity 8029K, committed 8104K, reserved 1048576K
Event: 24.594 GC heap after
Heap after GC invocations=17 (full 4):
 PSYoungGen      total 78336K, used 3265K [0x00000000f0000000, 0x00000000f6700000, 0x0000000100000000)
  eden space 68608K, 0% used [0x00000000f0000000,0x00000000f0000000,0x00000000f4300000)
  from space 9728K, 33% used [0x00000000f4300000,0x00000000f4630530,0x00000000f4c80000)
  to   space 9216K, 0% used [0x00000000f5e00000,0x00000000f5e00000,0x00000000f6700000)
 ParOldGen       total 45568K, used 11021K [0x00000000d0000000, 0x00000000d2c80000, 0x00000000f0000000)
  object space 45568K, 24% used [0x00000000d0000000,0x00000000d0ac3738,0x00000000d2c80000)
 Metaspace       used 41980K, capacity 42416K, committed 42664K, reserved 1083392K
  class space    used 7901K, capacity 8029K, committed 8104K, reserved 1048576K
}
Event: 25.824 GC heap before
{Heap before GC invocations=18 (full 4):
 PSYoungGen      total 78336K, used 71873K [0x00000000f0000000, 0x00000000f6700000, 0x0000000100000000)
  eden space 68608K, 100% used [0x00000000f0000000,0x00000000f4300000,0x00000000f4300000)
  from space 9728K, 33% used [0x00000000f4300000,0x00000000f4630530,0x00000000f4c80000)
  to   space 9216K, 0% used [0x00000000f5e00000,0x00000000f5e00000,0x00000000f6700000)
 ParOldGen       total 45568K, used 11021K [0x00000000d0000000, 0x00000000d2c80000, 0x00000000f0000000)
  object space 45568K, 24% used [0x00000000d0000000,0x00000000d0ac3738,0x00000000d2c80000)
 Metaspace       used 42858K, capacity 43248K, committed 43304K, reserved 1085440K
  class space    used 8084K, capacity 8221K, committed 8232K, reserved 1048576K
Event: 25.839 GC heap after
Heap after GC invocations=18 (full 4):
 PSYoungGen      total 95232K, used 3687K [0x00000000f0000000, 0x00000000f6600000, 0x0000000100000000)
  eden space 87040K, 0% used [0x00000000f0000000,0x00000000f0000000,0x00000000f5500000)
  from space 8192K, 45% used [0x00000000f5e00000,0x00000000f6199d28,0x00000000f6600000)
  to   space 8704K, 0% used [0x00000000f5500000,0x00000000f5500000,0x00000000f5d80000)
 ParOldGen       total 45568K, used 11021K [0x00000000d0000000, 0x00000000d2c80000, 0x00000000f0000000)
  object space 45568K, 24% used [0x00000000d0000000,0x00000000d0ac3738,0x00000000d2c80000)
 Metaspace       used 42858K, capacity 43248K, committed 43304K, reserved 1085440K
  class space    used 8084K, capacity 8221K, committed 8232K, reserved 1048576K
}
Event: 30.055 GC heap before
{Heap before GC invocations=19 (full 4):
 PSYoungGen      total 95232K, used 90727K [0x00000000f0000000, 0x00000000f6600000, 0x0000000100000000)
  eden space 87040K, 100% used [0x00000000f0000000,0x00000000f5500000,0x00000000f5500000)
  from space 8192K, 45% used [0x00000000f5e00000,0x00000000f6199d28,0x00000000f6600000)
  to   space 8704K, 0% used [0x00000000f5500000,0x00000000f5500000,0x00000000f5d80000)
 ParOldGen       total 45568K, used 11021K [0x00000000d0000000, 0x00000000d2c80000, 0x00000000f0000000)
  object space 45568K, 24% used [0x00000000d0000000,0x00000000d0ac3738,0x00000000d2c80000)
 Metaspace       used 44827K, capacity 45296K, committed 45480K, reserved 1085440K
  class space    used 8423K, capacity 8541K, committed 8616K, reserved 1048576K
Event: 30.347 GC heap after
Heap after GC invocations=19 (full 4):
 PSYoungGen      total 95744K, used 8688K [0x00000000f0000000, 0x00000000f6600000, 0x0000000100000000)
  eden space 87040K, 0% used [0x00000000f0000000,0x00000000f0000000,0x00000000f5500000)
  from space 8704K, 99% used [0x00000000f5500000,0x00000000f5d7c030,0x00000000f5d80000)
  to   space 8192K, 0% used [0x00000000f5e00000,0x00000000f5e00000,0x00000000f6600000)
 ParOldGen       total 45568K, used 44672K [0x00000000d0000000, 0x00000000d2c80000, 0x00000000f0000000)
  object space 45568K, 98% used [0x00000000d0000000,0x00000000d2ba03d8,0x00000000d2c80000)
 Metaspace       used 44827K, capacity 45296K, committed 45480K, reserved 1085440K
  class space    used 8423K, capacity 8541K, committed 8616K, reserved 1048576K
}
Event: 30.347 GC heap before
{Heap before GC invocations=20 (full 5):
 PSYoungGen      total 95744K, used 8688K [0x00000000f0000000, 0x00000000f6600000, 0x0000000100000000)
  eden space 87040K, 0% used [0x00000000f0000000,0x00000000f0000000,0x00000000f5500000)
  from space 8704K, 99% used [0x00000000f5500000,0x00000000f5d7c030,0x00000000f5d80000)
  to   space 8192K, 0% used [0x00000000f5e00000,0x00000000f5e00000,0x00000000f6600000)
 ParOldGen       total 45568K, used 44672K [0x00000000d0000000, 0x00000000d2c80000, 0x00000000f0000000)
  object space 45568K, 98% used [0x00000000d0000000,0x00000000d2ba03d8,0x00000000d2c80000)
 Metaspace       used 44827K, capacity 45296K, committed 45480K, reserved 1085440K
  class space    used 8423K, capacity 8541K, committed 8616K, reserved 1048576K
Event: 32.202 GC heap after
Heap after GC invocations=20 (full 5):
 PSYoungGen      total 95744K, used 5603K [0x00000000f0000000, 0x00000000f6600000, 0x0000000100000000)
  eden space 87040K, 0% used [0x00000000f0000000,0x00000000f0000000,0x00000000f5500000)
  from space 8704K, 64% used [0x00000000f5500000,0x00000000f5a78c60,0x00000000f5d80000)
  to   space 8192K, 0% used [0x00000000f5e00000,0x00000000f5e00000,0x00000000f6600000)
 ParOldGen       total 107008K, used 45366K [0x00000000d0000000, 0x00000000d6880000, 0x00000000f0000000)
  object space 107008K, 42% used [0x00000000d0000000,0x00000000d2c4d8a8,0x00000000d6880000)
 Metaspace       used 44781K, capacity 45204K, committed 45480K, reserved 1085440K
  class space    used 8416K, capacity 8533K, committed 8616K, reserved 1048576K
}

